/usr/local/lib/python3.11/dist-packages/visdom/server.py:29: DeprecationWarning: zmq.eventloop.ioloop is deprecated in pyzmq 17. pyzmq now works with default tornado and asyncio eventloops.
  ioloop.install()  # Needs to happen before any tornado imports!
/usr/local/lib/python3.11/dist-packages/visdom/server.py:29: DeprecationWarning: zmq.eventloop.ioloop is deprecated in pyzmq 17. pyzmq now works with default tornado and asyncio eventloops.
  ioloop.install()  # Needs to happen before any tornado imports!
INFO:root:Application Started
t (127.0.0.1) 1.27ms
INFO:root:Opened visdom socket from ip: 127.0.0.1
/usr/local/lib/python3.11/dist-packages/visdom/server.py:29: DeprecationWarning: zmq.eventloop.ioloop is deprecated in pyzmq 17. pyzmq now works with default tornado and asyncio eventloops.
  ioloop.install()  # Needs to happen before any tornado imports!
Traceback (most recent call last):
  File "<frozen runpy>", line 198, in _run_module_as_main
  File "<frozen runpy>", line 88, in _run_code
  File "/usr/local/lib/python3.11/dist-packages/visdom/server.py", line 1063, in <module>
    main()
  File "/usr/local/lib/python3.11/dist-packages/visdom/server.py", line 1058, in main
    start_server(port=FLAGS.port, env_path=FLAGS.env_path, readonly=FLAGS.readonly, print_func=print_func)
  File "/usr/local/lib/python3.11/dist-packages/visdom/server.py", line 1018, in start_server
    app.listen(port, max_buffer_size=1024 ** 3)
  File "/usr/local/lib/python3.11/dist-packages/tornado/web.py", line 2211, in listen
    server.listen(
  File "/usr/local/lib/python3.11/dist-packages/tornado/tcpserver.py", line 183, in listen
    sockets = bind_sockets(
              ^^^^^^^^^^^^^
  File "/usr/local/lib/python3.11/dist-packages/tornado/netutil.py", line 162, in bind_sockets
    sock.bind(sockaddr)
OSError: [Errno 98] Address already in use
Downloading scripts. It might take a while.
It's Alive!
/usr/local/lib/python3.11/dist-packages/visdom/server.py:29: DeprecationWarning: zmq.eventloop.ioloop is deprecated in pyzmq 17. pyzmq now works with default tornado and asyncio eventloops.
  ioloop.install()  # Needs to happen before any tornado imports!
Traceback (most recent call last):
  File "<frozen runpy>", line 198, in _run_module_as_main
  File "<frozen runpy>", line 88, in _run_code
  File "/usr/local/lib/python3.11/dist-packages/visdom/server.py", line 1063, in <module>
    main()
  File "/usr/local/lib/python3.11/dist-packages/visdom/server.py", line 1058, in main
    start_server(port=FLAGS.port, env_path=FLAGS.env_path, readonly=FLAGS.readonly, print_func=print_func)
  File "/usr/local/lib/python3.11/dist-packages/visdom/server.py", line 1018, in start_server
    app.listen(port, max_buffer_size=1024 ** 3)
  File "/usr/local/lib/python3.11/dist-packages/tornado/web.py", line 2211, in listen
    server.listen(
  File "/usr/local/lib/python3.11/dist-packages/tornado/tcpserver.py", line 183, in listen
    sockets = bind_sockets(
              ^^^^^^^^^^^^^
  File "/usr/local/lib/python3.11/dist-packages/tornado/netutil.py", line 162, in bind_sockets
    sock.bind(sockaddr)
OSError: [Errno 98] Address already in use
Downloading scripts. It might take a while.
It's Alive!
/usr/local/lib/python3.11/dist-packages/visdom/server.py:29: DeprecationWarning: zmq.eventloop.ioloop is deprecated in pyzmq 17. pyzmq now works with default tornado and asyncio eventloops.
  ioloop.install()  # Needs to happen before any tornado imports!
INFO:root:Application Started
/usr/local/lib/python3.11/dist-packages/visdom/server.py:29: DeprecationWarning: zmq.eventloop.ioloop is deprecated in pyzmq 17. pyzmq now works with default tornado and asyncio eventloops.
  ioloop.install()  # Needs to happen before any tornado imports!
Traceback (most recent call last):
  File "<frozen runpy>", line 198, in _run_module_as_main
  File "<frozen runpy>", line 88, in _run_code
  File "/usr/local/lib/python3.11/dist-packages/visdom/server.py", line 1063, in <module>
    main()
  File "/usr/local/lib/python3.11/dist-packages/visdom/server.py", line 1058, in main
    start_server(port=FLAGS.port, env_path=FLAGS.env_path, readonly=FLAGS.readonly, print_func=print_func)
  File "/usr/local/lib/python3.11/dist-packages/visdom/server.py", line 1018, in start_server
    app.listen(port, max_buffer_size=1024 ** 3)
  File "/usr/local/lib/python3.11/dist-packages/tornado/web.py", line 2211, in listen
    server.listen(
  File "/usr/local/lib/python3.11/dist-packages/tornado/tcpserver.py", line 183, in listen
    sockets = bind_sockets(
              ^^^^^^^^^^^^^
  File "/usr/local/lib/python3.11/dist-packages/tornado/netutil.py", line 162, in bind_sockets
    sock.bind(sockaddr)
OSError: [Errno 98] Address already in use
Downloading scripts. It might take a while.
It's Alive!
/usr/local/lib/python3.11/dist-packages/visdom/server.py:29: DeprecationWarning: zmq.eventloop.ioloop is deprecated in pyzmq 17. pyzmq now works with default tornado and asyncio eventloops.
  ioloop.install()  # Needs to happen before any tornado imports!
Traceback (most recent call last):
  File "<frozen runpy>", line 198, in _run_module_as_main
  File "<frozen runpy>", line 88, in _run_code
  File "/usr/local/lib/python3.11/dist-packages/visdom/server.py", line 1063, in <module>
    main()
  File "/usr/local/lib/python3.11/dist-packages/visdom/server.py", line 1058, in main
    start_server(port=FLAGS.port, env_path=FLAGS.env_path, readonly=FLAGS.readonly, print_func=print_func)
  File "/usr/local/lib/python3.11/dist-packages/visdom/server.py", line 1018, in start_server
    app.listen(port, max_buffer_size=1024 ** 3)
  File "/usr/local/lib/python3.11/dist-packages/tornado/web.py", line 2211, in listen
    server.listen(
  File "/usr/local/lib/python3.11/dist-packages/tornado/tcpserver.py", line 183, in listen
    sockets = bind_sockets(
              ^^^^^^^^^^^^^
  File "/usr/local/lib/python3.11/dist-packages/tornado/netutil.py", line 162, in bind_sockets
    sock.bind(sockaddr)
OSError: [Errno 98] Address already in use
Downloading scripts. It might take a while.
It's Alive!
/usr/local/lib/python3.11/dist-packages/visdom/server.py:29: DeprecationWarning: zmq.eventloop.ioloop is deprecated in pyzmq 17. pyzmq now works with default tornado and asyncio eventloops.
  ioloop.install()  # Needs to happen before any tornado imports!
Traceback (most recent call last):
  File "<frozen runpy>", line 198, in _run_module_as_main
  File "<frozen runpy>", line 88, in _run_code
  File "/usr/local/lib/python3.11/dist-packages/visdom/server.py", line 1063, in <module>
    main()
  File "/usr/local/lib/python3.11/dist-packages/visdom/server.py", line 1058, in main
    start_server(port=FLAGS.port, env_path=FLAGS.env_path, readonly=FLAGS.readonly, print_func=print_func)
  File "/usr/local/lib/python3.11/dist-packages/visdom/server.py", line 1018, in start_server
    app.listen(port, max_buffer_size=1024 ** 3)
  File "/usr/local/lib/python3.11/dist-packages/tornado/web.py", line 2211, in listen
    server.listen(
  File "/usr/local/lib/python3.11/dist-packages/tornado/tcpserver.py", line 183, in listen
    sockets = bind_sockets(
              ^^^^^^^^^^^^^
  File "/usr/local/lib/python3.11/dist-packages/tornado/netutil.py", line 162, in bind_sockets
    sock.bind(sockaddr)
OSError: [Errno 98] Address already in use
Downloading scripts. It might take a while.
It's Alive!
/usr/local/lib/python3.11/dist-packages/visdom/server.py:29: DeprecationWarning: zmq.eventloop.ioloop is deprecated in pyzmq 17. pyzmq now works with default tornado and asyncio eventloops.
  ioloop.install()  # Needs to happen before any tornado imports!
Traceback (most recent call last):
  File "<frozen runpy>", line 198, in _run_module_as_main
  File "<frozen runpy>", line 88, in _run_code
  File "/usr/local/lib/python3.11/dist-packages/visdom/server.py", line 1063, in <module>
    main()
  File "/usr/local/lib/python3.11/dist-packages/visdom/server.py", line 1058, in main
    start_server(port=FLAGS.port, env_path=FLAGS.env_path, readonly=FLAGS.readonly, print_func=print_func)
  File "/usr/local/lib/python3.11/dist-packages/visdom/server.py", line 1018, in start_server
    app.listen(port, max_buffer_size=1024 ** 3)
  File "/usr/local/lib/python3.11/dist-packages/tornado/web.py", line 2211, in listen
    server.listen(
  File "/usr/local/lib/python3.11/dist-packages/tornado/tcpserver.py", line 183, in listen
    sockets = bind_sockets(
              ^^^^^^^^^^^^^
  File "/usr/local/lib/python3.11/dist-packages/tornado/netutil.py", line 162, in bind_sockets
    sock.bind(sockaddr)
OSError: [Errno 98] Address already in use
Downloading scripts. It might take a while.
It's Alive!
INFO:tornado.access:200 GET / (127.0.0.1) 29.40ms
INFO:tornado.access:200 GET /favicon.png (127.0.0.1) 2.33ms
INFO:tornado.access:200 GET / (127.0.0.1) 10.07ms
INFO:tornado.access:200 GET /favicon.png (127.0.0.1) 3.74ms
INFO:tornado.access:304 GET / (127.0.0.1) 4.06ms
INFO:tornado.access:304 GET /favicon.png (127.0.0.1) 6.55ms
